\BOOKMARK [0][-]{chapter.1}{Introduction}{}% 1
\BOOKMARK [1][-]{section.1.1}{Motivation}{chapter.1}% 2
\BOOKMARK [1][-]{section.1.2}{Previous / Related Works}{chapter.1}% 3
\BOOKMARK [0][-]{chapter.2}{Preliminaries}{}% 4
\BOOKMARK [1][-]{section.2.1}{GNNs}{chapter.2}% 5
\BOOKMARK [1][-]{section.2.2}{WL test}{chapter.2}% 6
\BOOKMARK [1][-]{section.2.3}{\(Overview of\) Theoretical Framework}{chapter.2}% 7
\BOOKMARK [0][-]{chapter.3}{Main results}{}% 8
\BOOKMARK [1][-]{section.3.1}{Representational capacity of GNNs}{chapter.3}% 9
\BOOKMARK [1][-]{section.3.2}{Graph Isomorphism Network \(GIN\)}{chapter.3}% 10
\BOOKMARK [1][-]{section.3.3}{Less powerful, but still interesting GNNs}{chapter.3}% 11
\BOOKMARK [2][-]{subsection.3.3.1}{1-Layer Perceptrons}{section.3.3}% 12
\BOOKMARK [2][-]{subsection.3.3.2}{GCN}{section.3.3}% 13
\BOOKMARK [2][-]{subsection.3.3.3}{GraphSAGE}{section.3.3}% 14
\BOOKMARK [2][-]{subsection.3.3.4}{Summary}{section.3.3}% 15
\BOOKMARK [0][-]{chapter.4}{Experiments}{}% 16
\BOOKMARK [1][-]{section.4.1}{Experiment Design}{chapter.4}% 17
\BOOKMARK [1][-]{section.4.2}{Results / Analysis}{chapter.4}% 18
\BOOKMARK [2][-]{subsection.4.2.1}{Training set performance}{section.4.2}% 19
\BOOKMARK [2][-]{subsection.4.2.2}{Test set performance}{section.4.2}% 20
\BOOKMARK [1][-]{section.4.3}{Remark}{chapter.4}% 21
\BOOKMARK [0][-]{chapter.5}{Conclusion}{}% 22
\BOOKMARK [1][-]{section.5.1}{Summary}{chapter.5}% 23
\BOOKMARK [1][-]{section.5.2}{Future research}{chapter.5}% 24
\BOOKMARK [0][-]{chapter*.3}{Bibliography}{}% 25
